Arguments: 
  /home/slimanitz/.nvm/versions/node/v16.10.0/bin/node /usr/local/bin/yarn add concurrently

PATH: 
  /home/slimanitz/.nvm/versions/node/v16.10.0/bin:/home/slimanitz/anaconda3/bin:/home/slimanitz/anaconda3/condabin:/home/slimanitz/.local/bin:$JAVA_HOME/bin:$M2:/usr/share/bin/usr/local/sbin:/usr/local/bin:/usr/sbin:/usr/bin:/sbin:/bin:/usr/games:/usr/local/games:/snap/bin

Yarn version: 
  1.22.17

Node version: 
  16.10.0

Platform: 
  linux x64

Trace: 
  SyntaxError: /home/slimanitz/workspace/ecommerce-portfolio/package.json: Unexpected string in JSON at position 220
      at JSON.parse (<anonymous>)
      at /usr/local/lib/node_modules/yarn/lib/cli.js:1625:59
      at Generator.next (<anonymous>)
      at step (/usr/local/lib/node_modules/yarn/lib/cli.js:310:30)
      at /usr/local/lib/node_modules/yarn/lib/cli.js:321:13

npm manifest: 
  {
    "name": "ecommerce-portfolio",
    "version": "1.0.0",
    "main": "index.js",
    "repository": "git@github.com:slimanitz/ecommerce-portfolio.git",
    "author": "slimanitz <slimaneber2001@gmail.com>",
    "license": "MIT"
    "scripts": {
      "install": "",
      "start":""
    }
  }

yarn manifest: 
  No manifest

Lockfile: 
  No lockfile
